2018-09-11 15:56:26.948 [main] INFO  com.example.demo.LogDemo2Application-Starting LogDemo2Application v0.0.1-SNAPSHOT on LAPTOP-MHM204FU with PID 28368 (D:\workspaceTest\LogDemo2\target\LogDemo2-0.0.1-SNAPSHOT.jar started by Çñ½Ü in D:\workspaceTest\LogDemo2\target)
2018-09-11 15:56:26.952 [main] INFO  com.example.demo.LogDemo2Application-No active profile set, falling back to default profiles: default
2018-09-11 15:56:27.006 [main] INFO  o.s.b.w.s.c.AnnotationConfigServletWebServerApplicationContext-Refreshing org.springframework.boot.web.servlet.context.AnnotationConfigServletWebServerApplicationContext@cddf8f: startup date [Tue Sep 11 15:56:27 CST 2018]; root of context hierarchy
2018-09-11 15:56:28.275 [main] INFO  o.s.boot.web.embedded.tomcat.TomcatWebServer-Tomcat initialized with port(s): 10021 (http)
2018-09-11 15:56:28.292 [main] INFO  org.apache.coyote.http11.Http11NioProtocol-Initializing ProtocolHandler ["http-nio-10021"]
2018-09-11 15:56:28.305 [main] INFO  org.apache.catalina.core.StandardService-Starting service [Tomcat]
2018-09-11 15:56:28.305 [main] INFO  org.apache.catalina.core.StandardEngine-Starting Servlet Engine: Apache Tomcat/8.5.32
2018-09-11 15:56:28.314 [localhost-startStop-1] INFO  org.apache.catalina.core.AprLifecycleListener-The APR based Apache Tomcat Native library which allows optimal performance in production environments was not found on the java.library.path: [C:\Program Files (x86)\Common Files\Oracle\Java\javapath;C:\Windows\Sun\Java\bin;C:\Windows\system32;C:\Windows;C:\Program Files (x86)\Common Files\Oracle\Java\javapath;C:\Program Files (x86)\Borland\Delphi7\Bin;C:\Program Files (x86)\Borland\Delphi7\Projects\Bpl\;C:\ProgramData\Oracle\Java\javapath;C:\Program Files (x86)\Intel\iCLS Client\;C:\Program Files\Intel\iCLS Client\;C:\Windows\system32;C:\Windows;C:\Windows\System32\Wbem;C:\Windows\System32\WindowsPowerShell\v1.0\;C:\Program Files (x86)\Intel\Intel(R) Management Engine Components\DAL;C:\Program Files\Intel\Intel(R) Management Engine Components\DAL;C:\Program Files (x86)\Intel\Intel(R) Management Engine Components\IPT;C:\Program Files\Intel\Intel(R) Management Engine Components\IPT;C:\Program Files\mysql-5.6.40-winx64\bin;C:\Program Files\apache-maven-3.5.2\bin;C:\Program Files\TortoiseSVN\bin;C:\Windows\system32\config\systemprofile\.dnx\bin;C:\Program Files\Microsoft DNX\Dnvm\;C:\Program Files\Microsoft SQL Server\120\Tools\Binn\;C:\Program Files (x86)\HP\IdrsOCR_15.2.10.1114\;C:\Users\Çñ½Ü\AppData\Local\Microsoft\WindowsApps;;.]
2018-09-11 15:56:28.411 [localhost-startStop-1] INFO  o.a.c.core.ContainerBase.[Tomcat].[localhost].[/]-Initializing Spring embedded WebApplicationContext
2018-09-11 15:56:28.411 [localhost-startStop-1] INFO  org.springframework.web.context.ContextLoader-Root WebApplicationContext: initialization completed in 1405 ms
2018-09-11 15:56:28.485 [localhost-startStop-1] INFO  o.s.boot.web.servlet.ServletRegistrationBean-Servlet dispatcherServlet mapped to [/]
2018-09-11 15:56:28.489 [localhost-startStop-1] INFO  o.s.boot.web.servlet.FilterRegistrationBean-Mapping filter: 'characterEncodingFilter' to: [/*]
2018-09-11 15:56:28.490 [localhost-startStop-1] INFO  o.s.boot.web.servlet.FilterRegistrationBean-Mapping filter: 'hiddenHttpMethodFilter' to: [/*]
2018-09-11 15:56:28.490 [localhost-startStop-1] INFO  o.s.boot.web.servlet.FilterRegistrationBean-Mapping filter: 'httpPutFormContentFilter' to: [/*]
2018-09-11 15:56:28.491 [localhost-startStop-1] INFO  o.s.boot.web.servlet.FilterRegistrationBean-Mapping filter: 'requestContextFilter' to: [/*]
2018-09-11 15:56:28.610 [main] INFO  o.s.web.servlet.handler.SimpleUrlHandlerMapping-Mapped URL path [/**/favicon.ico] onto handler of type [class org.springframework.web.servlet.resource.ResourceHttpRequestHandler]
2018-09-11 15:56:28.809 [main] INFO  o.s.w.s.m.m.a.RequestMappingHandlerAdapter-Looking for @ControllerAdvice: org.springframework.boot.web.servlet.context.AnnotationConfigServletWebServerApplicationContext@cddf8f: startup date [Tue Sep 11 15:56:27 CST 2018]; root of context hierarchy
2018-09-11 15:56:28.875 [main] INFO  o.s.w.s.m.m.a.RequestMappingHandlerMapping-Mapped "{[/error]}" onto public org.springframework.http.ResponseEntity<java.util.Map<java.lang.String, java.lang.Object>> org.springframework.boot.autoconfigure.web.servlet.error.BasicErrorController.error(javax.servlet.http.HttpServletRequest)
2018-09-11 15:56:28.877 [main] INFO  o.s.w.s.m.m.a.RequestMappingHandlerMapping-Mapped "{[/error],produces=[text/html]}" onto public org.springframework.web.servlet.ModelAndView org.springframework.boot.autoconfigure.web.servlet.error.BasicErrorController.errorHtml(javax.servlet.http.HttpServletRequest,javax.servlet.http.HttpServletResponse)
2018-09-11 15:56:28.899 [main] INFO  o.s.web.servlet.handler.SimpleUrlHandlerMapping-Mapped URL path [/webjars/**] onto handler of type [class org.springframework.web.servlet.resource.ResourceHttpRequestHandler]
2018-09-11 15:56:28.900 [main] INFO  o.s.web.servlet.handler.SimpleUrlHandlerMapping-Mapped URL path [/**] onto handler of type [class org.springframework.web.servlet.resource.ResourceHttpRequestHandler]
2018-09-11 15:56:29.028 [main] INFO  o.s.jmx.export.annotation.AnnotationMBeanExporter-Registering beans for JMX exposure on startup
2018-09-11 15:56:29.038 [main] INFO  org.apache.coyote.http11.Http11NioProtocol-Starting ProtocolHandler ["http-nio-10021"]
2018-09-11 15:56:29.063 [main] INFO  org.apache.tomcat.util.net.NioSelectorPool-Using a shared selector for servlet write/read
2018-09-11 15:56:29.087 [main] INFO  o.s.boot.web.embedded.tomcat.TomcatWebServer-Tomcat started on port(s): 10021 (http) with context path ''
2018-09-11 15:56:29.092 [main] INFO  com.example.demo.LogDemo2Application-Started LogDemo2Application in 2.532 seconds (JVM running for 3.32)
2018-09-11 15:56:29.095 [main] INFO  com.example.demo.LogDemo2Application-1231
